2025-04-27 18:48:13,910 - node.api - INFO - Request started: GET /health - [node_server.py:100]
2025-04-27 18:48:13,914 - node.api - DEBUG - Health check requested - [node_server.py:121]
2025-04-27 18:48:13,916 - node.api - INFO - Health check response: healthy - [node_server.py:148]
2025-04-27 18:48:13,922 - node.api - INFO - Request completed: GET /health - Status: 200 - Duration: 0.0121s - [node_server.py:107]
2025-04-27 18:48:15,000 - node.api - INFO - Request started: GET /favicon.ico - [node_server.py:100]
2025-04-27 18:48:15,001 - node.api - INFO - Request completed: GET /favicon.ico - Status: 404 - Duration: 0.0014s - [node_server.py:107]
2025-04-28 21:59:35,455 - node.api - INFO - Request started: GET /health - [node_server.py:122]
2025-04-28 21:59:35,470 - node.api - DEBUG - Health check requested - [node_server.py:143]
2025-04-28 21:59:35,476 - node.api - INFO - Health check response: healthy - [node_server.py:170]
2025-04-28 21:59:35,480 - node.api - INFO - Request completed: GET /health - Status: 200 - Duration: 0.0246s - [node_server.py:129]
2025-04-28 22:01:43,298 - node.api - INFO - Request started: GET /health - [node_server.py:122]
2025-04-28 22:01:43,301 - node.api - DEBUG - Health check requested - [node_server.py:143]
2025-04-28 22:01:43,303 - node.api - INFO - Health check response: healthy - [node_server.py:170]
2025-04-28 22:01:43,305 - node.api - INFO - Request completed: GET /health - Status: 200 - Duration: 0.0082s - [node_server.py:129]
2025-04-28 22:01:43,357 - node.api - INFO - Request started: POST /votes - [node_server.py:122]
2025-04-28 22:01:43,365 - node.api - INFO - Received vote from voter voter-cb5a568f-3eee-4095-b434-aa2b8da14f33 for election election-2025 - [node_server.py:180]
2025-04-28 22:01:43,367 - node.api - INFO - Request completed: POST /votes - Status: 202 - Duration: 0.0102s - [node_server.py:129]
2025-04-28 22:01:43,408 - node.api - INFO - Request started: POST /votes - [node_server.py:122]
2025-04-28 22:01:43,410 - node.api - INFO - Received vote from voter voter-b20d74bb-db09-496e-a78c-a736bdcb1e11 for election election-2025 - [node_server.py:180]
2025-04-28 22:01:43,413 - node.api - INFO - Request completed: POST /votes - Status: 202 - Duration: 0.0054s - [node_server.py:129]
2025-04-28 22:01:43,422 - node.api - INFO - Request started: POST /votes - [node_server.py:122]
2025-04-28 22:01:43,424 - node.api - INFO - Received vote from voter voter-3a759c87-ca05-462d-8a05-45e3e136e7e8 for election election-2025 - [node_server.py:180]
2025-04-28 22:01:43,426 - node.api - INFO - Request completed: POST /votes - Status: 202 - Duration: 0.0042s - [node_server.py:129]
2025-04-28 22:01:43,451 - node.api - INFO - Request started: POST /votes - [node_server.py:122]
2025-04-28 22:01:43,454 - node.api - INFO - Received vote from voter voter-819427a4-d388-4672-be41-447f7f7033a2 for election election-2025 - [node_server.py:180]
2025-04-28 22:01:43,456 - node.api - INFO - Request completed: POST /votes - Status: 202 - Duration: 0.0052s - [node_server.py:129]
2025-04-28 22:01:43,489 - node.api - INFO - Request started: POST /votes - [node_server.py:122]
2025-04-28 22:01:43,491 - node.api - INFO - Received vote from voter voter-5d2404ff-92d2-4102-8d81-2708f8770f62 for election election-2025 - [node_server.py:180]
2025-04-28 22:01:43,493 - node.api - INFO - Request completed: POST /votes - Status: 202 - Duration: 0.0043s - [node_server.py:129]
2025-04-28 22:01:50,594 - node.api - INFO - Request started: GET /votes/election-2025:voter-71b58711-f0a8-452a-93a9-b280bf864f75:b3a3a39f-177d-4090-96d0-890abcc78ebc - [node_server.py:122]
2025-04-28 22:01:50,598 - node.api - INFO - Request completed: GET /votes/election-2025:voter-71b58711-f0a8-452a-93a9-b280bf864f75:b3a3a39f-177d-4090-96d0-890abcc78ebc - Status: 200 - Duration: 0.0041s - [node_server.py:129]
2025-04-28 22:01:51,706 - node.api - INFO - Request started: GET /votes/election-2025:voter-b20d74bb-db09-496e-a78c-a736bdcb1e11:32efc9ba-9f59-4c75-a4a8-2f899f6b08f5 - [node_server.py:122]
2025-04-28 22:01:51,709 - node.api - INFO - Request completed: GET /votes/election-2025:voter-b20d74bb-db09-496e-a78c-a736bdcb1e11:32efc9ba-9f59-4c75-a4a8-2f899f6b08f5 - Status: 200 - Duration: 0.0023s - [node_server.py:129]
2025-04-28 22:01:52,797 - node.api - INFO - Request started: GET /votes/election-2025:voter-aaec29b0-0f44-480e-9edc-d08f79ce0228:307a7ddb-b39e-4948-8b34-707910e72e3d - [node_server.py:122]
2025-04-28 22:01:52,802 - node.api - INFO - Request completed: GET /votes/election-2025:voter-aaec29b0-0f44-480e-9edc-d08f79ce0228:307a7ddb-b39e-4948-8b34-707910e72e3d - Status: 200 - Duration: 0.0047s - [node_server.py:129]
2025-04-29 04:42:05,488 - node.api - INFO - Request started: GET /health - [node_server.py:122]
2025-04-29 04:42:05,499 - node.api - DEBUG - Health check requested - [node_server.py:143]
2025-04-29 04:42:05,504 - node.api - INFO - Health check response: healthy - [node_server.py:170]
2025-04-29 04:42:05,507 - node.api - INFO - Request completed: GET /health - Status: 200 - Duration: 0.0194s - [node_server.py:129]
2025-04-29 04:42:06,617 - node.api - INFO - Request started: POST /votes - [node_server.py:122]
2025-04-29 04:42:06,622 - node.api - INFO - Received vote from voter voter-c69b5301-9345-4a1c-a642-9362eefdddf3 for election election-2025 - [node_server.py:180]
2025-04-29 04:42:06,625 - node.api - INFO - Request completed: POST /votes - Status: 202 - Duration: 0.0086s - [node_server.py:129]
2025-04-29 04:42:12,525 - node.api - INFO - Request started: GET /votes/election-2025:voter-956ea497-b73c-45a0-9f8b-e617f2969c32:f18722aa-49b0-4e34-95b0-343ad54b518a - [node_server.py:122]
2025-04-29 04:42:12,529 - node.api - INFO - Request completed: GET /votes/election-2025:voter-956ea497-b73c-45a0-9f8b-e617f2969c32:f18722aa-49b0-4e34-95b0-343ad54b518a - Status: 200 - Duration: 0.0038s - [node_server.py:129]
2025-04-29 04:42:12,538 - node.api - INFO - Request started: GET /votes/election-2025:voter-343df3b6-c74c-4860-a219-b2311e16e04e:648c4751-b366-4ec8-99d8-6f1a6feb747a - [node_server.py:122]
2025-04-29 04:42:12,541 - node.api - INFO - Request completed: GET /votes/election-2025:voter-343df3b6-c74c-4860-a219-b2311e16e04e:648c4751-b366-4ec8-99d8-6f1a6feb747a - Status: 200 - Duration: 0.0032s - [node_server.py:129]
2025-04-29 04:42:13,121 - node.api - INFO - Request started: GET /votes/election-2025:voter-9b21b230-fdc1-4c27-84be-5be5543059ff:39a71ca3-5e95-4c64-868e-43406a53a10f - [node_server.py:122]
2025-04-29 04:42:13,123 - node.api - INFO - Request completed: GET /votes/election-2025:voter-9b21b230-fdc1-4c27-84be-5be5543059ff:39a71ca3-5e95-4c64-868e-43406a53a10f - Status: 200 - Duration: 0.0026s - [node_server.py:129]
2025-04-29 04:42:13,134 - node.api - INFO - Request started: GET /elections/election-2025/results - [node_server.py:122]
2025-04-29 04:42:13,137 - node.api - INFO - Request completed: GET /elections/election-2025/results - Status: 200 - Duration: 0.0034s - [node_server.py:129]
2025-04-29 04:52:04,640 - node.api - INFO - Request started: GET /health - [node_server.py:122]
2025-04-29 04:52:04,650 - node.api - DEBUG - Health check requested - [node_server.py:143]
2025-04-29 04:52:04,655 - node.api - INFO - Health check response: healthy - [node_server.py:170]
2025-04-29 04:52:04,659 - node.api - INFO - Request completed: GET /health - Status: 200 - Duration: 0.0194s - [node_server.py:129]
2025-04-29 04:59:40,864 - node.api - INFO - Request started: GET /health - [node_server.py:122]
2025-04-29 04:59:40,867 - node.api - DEBUG - Health check requested - [node_server.py:143]
2025-04-29 04:59:40,871 - node.api - INFO - Health check response: healthy - [node_server.py:170]
2025-04-29 04:59:40,873 - node.api - INFO - Request completed: GET /health - Status: 200 - Duration: 0.0098s - [node_server.py:129]
2025-04-29 04:59:40,950 - node.api - INFO - Request started: POST /votes - [node_server.py:122]
2025-04-29 04:59:40,962 - node.api - INFO - Received vote from voter voter-946ad7d3-9587-4be2-99d4-1c0293a27ea9 for election election-2025 - [node_server.py:180]
2025-04-29 04:59:40,965 - node.api - INFO - Request completed: POST /votes - Status: 202 - Duration: 0.0146s - [node_server.py:129]
2025-04-29 04:59:40,976 - node.api - INFO - Request started: POST /votes - [node_server.py:122]
2025-04-29 04:59:40,979 - node.api - INFO - Received vote from voter voter-8f072d39-7a5f-4ba2-92d4-9bf6fc5160e6 for election election-2025 - [node_server.py:180]
2025-04-29 04:59:40,981 - node.api - INFO - Request completed: POST /votes - Status: 202 - Duration: 0.0052s - [node_server.py:129]
2025-04-29 04:59:46,341 - node.api - INFO - Request started: GET /votes/election-2025:voter-d1462d01-5dda-4e20-86a9-8462d7ae2632:daf2f477-f9f3-49f8-862c-eb1e6aa0a928 - [node_server.py:122]
2025-04-29 04:59:46,344 - node.api - INFO - Request completed: GET /votes/election-2025:voter-d1462d01-5dda-4e20-86a9-8462d7ae2632:daf2f477-f9f3-49f8-862c-eb1e6aa0a928 - Status: 200 - Duration: 0.0029s - [node_server.py:129]
