2025-04-27 18:47:54,074 - node.api - INFO - Request started: GET /health - [node_server.py:100]
2025-04-27 18:47:54,080 - node.api - DEBUG - Health check requested - [node_server.py:121]
2025-04-27 18:47:54,083 - node.api - INFO - Health check response: healthy - [node_server.py:148]
2025-04-27 18:47:54,087 - node.api - INFO - Request completed: GET /health - Status: 200 - Duration: 0.0136s - [node_server.py:107]
2025-04-27 18:47:55,164 - node.api - INFO - Request started: GET /favicon.ico - [node_server.py:100]
2025-04-27 18:47:55,168 - node.api - INFO - Request completed: GET /favicon.ico - Status: 404 - Duration: 0.0041s - [node_server.py:107]
2025-04-27 18:50:51,478 - node.api - INFO - Request started: GET /health - [node_server.py:100]
2025-04-27 18:50:51,479 - node.api - INFO - Request started: GET /health - [node_server.py:100]
2025-04-27 18:50:51,481 - node.api - INFO - Request started: GET /health - [node_server.py:100]
2025-04-27 18:50:51,483 - node.api - DEBUG - Health check requested - [node_server.py:121]
2025-04-27 18:50:51,486 - node.api - INFO - Health check response: healthy - [node_server.py:148]
2025-04-27 18:50:51,487 - node.api - DEBUG - Health check requested - [node_server.py:121]
2025-04-27 18:50:51,489 - node.api - INFO - Health check response: healthy - [node_server.py:148]
2025-04-27 18:50:51,490 - node.api - DEBUG - Health check requested - [node_server.py:121]
2025-04-27 18:50:51,492 - node.api - INFO - Health check response: healthy - [node_server.py:148]
2025-04-27 18:50:51,493 - node.api - INFO - Request completed: GET /health - Status: 200 - Duration: 0.0149s - [node_server.py:107]
2025-04-27 18:50:51,494 - node.api - INFO - Request completed: GET /health - Status: 200 - Duration: 0.0149s - [node_server.py:107]
2025-04-27 18:50:51,496 - node.api - INFO - Request completed: GET /health - Status: 200 - Duration: 0.0152s - [node_server.py:107]
2025-04-27 18:51:17,923 - node.api - INFO - Request started: GET /health - [node_server.py:100]
2025-04-27 18:51:17,925 - node.api - DEBUG - Health check requested - [node_server.py:121]
2025-04-27 18:51:17,927 - node.api - INFO - Health check response: healthy - [node_server.py:148]
2025-04-27 18:51:17,928 - node.api - INFO - Request completed: GET /health - Status: 200 - Duration: 0.0043s - [node_server.py:107]
2025-04-28 21:59:09,005 - node.api - INFO - Request started: GET /health - [node_server.py:122]
2025-04-28 21:59:09,012 - node.api - DEBUG - Health check requested - [node_server.py:143]
2025-04-28 21:59:09,015 - node.api - INFO - Health check response: healthy - [node_server.py:170]
2025-04-28 21:59:09,017 - node.api - INFO - Request completed: GET /health - Status: 200 - Duration: 0.0130s - [node_server.py:129]
2025-04-28 22:01:43,280 - node.api - INFO - Request started: GET /health - [node_server.py:122]
2025-04-28 22:01:43,282 - node.api - DEBUG - Health check requested - [node_server.py:143]
2025-04-28 22:01:43,284 - node.api - INFO - Health check response: healthy - [node_server.py:170]
2025-04-28 22:01:43,287 - node.api - INFO - Request completed: GET /health - Status: 200 - Duration: 0.0071s - [node_server.py:129]
2025-04-28 22:01:43,463 - node.api - INFO - Request started: POST /votes - [node_server.py:122]
2025-04-28 22:01:43,470 - node.api - INFO - Received vote from voter voter-8a1dbaa6-c495-4707-a86e-949d964a062e for election election-2025 - [node_server.py:180]
2025-04-28 22:01:43,473 - node.api - INFO - Request completed: POST /votes - Status: 202 - Duration: 0.0095s - [node_server.py:129]
2025-04-28 22:01:49,764 - node.api - INFO - Request started: GET /votes/election-2025:voter-cb5a568f-3eee-4095-b434-aa2b8da14f33:cb9dd814-2bce-4b1d-9512-2def56a380c7 - [node_server.py:122]
2025-04-28 22:01:49,768 - node.api - INFO - Request completed: GET /votes/election-2025:voter-cb5a568f-3eee-4095-b434-aa2b8da14f33:cb9dd814-2bce-4b1d-9512-2def56a380c7 - Status: 200 - Duration: 0.0040s - [node_server.py:129]
2025-04-28 22:01:50,861 - node.api - INFO - Request started: GET /votes/election-2025:voter-71f357c5-9094-4cfd-b298-c11b8f4ad07b:2a51c69f-c142-4e93-b618-3900322baace - [node_server.py:122]
2025-04-28 22:01:50,865 - node.api - INFO - Request completed: GET /votes/election-2025:voter-71f357c5-9094-4cfd-b298-c11b8f4ad07b:2a51c69f-c142-4e93-b618-3900322baace - Status: 200 - Duration: 0.0039s - [node_server.py:129]
2025-04-28 22:01:51,977 - node.api - INFO - Request started: GET /votes/election-2025:voter-3a759c87-ca05-462d-8a05-45e3e136e7e8:afd65f1e-a58e-40c2-851e-442e6bd75ccc - [node_server.py:122]
2025-04-28 22:01:51,979 - node.api - INFO - Request completed: GET /votes/election-2025:voter-3a759c87-ca05-462d-8a05-45e3e136e7e8:afd65f1e-a58e-40c2-851e-442e6bd75ccc - Status: 200 - Duration: 0.0028s - [node_server.py:129]
2025-04-28 22:01:53,065 - node.api - INFO - Request started: GET /votes/election-2025:voter-8a1dbaa6-c495-4707-a86e-949d964a062e:4d876b2a-fd92-43bf-bf3b-3be40e734f01 - [node_server.py:122]
2025-04-28 22:01:53,068 - node.api - INFO - Request completed: GET /votes/election-2025:voter-8a1dbaa6-c495-4707-a86e-949d964a062e:4d876b2a-fd92-43bf-bf3b-3be40e734f01 - Status: 200 - Duration: 0.0028s - [node_server.py:129]
2025-04-29 04:41:42,320 - node.api - INFO - Request started: GET /health - [node_server.py:122]
2025-04-29 04:41:42,327 - node.api - DEBUG - Health check requested - [node_server.py:143]
2025-04-29 04:41:42,330 - node.api - INFO - Health check response: healthy - [node_server.py:170]
2025-04-29 04:41:42,333 - node.api - INFO - Request completed: GET /health - Status: 200 - Duration: 0.0129s - [node_server.py:129]
2025-04-29 04:41:43,407 - node.api - INFO - Request started: GET /favicon.ico - [node_server.py:122]
2025-04-29 04:41:43,409 - node.api - INFO - Request completed: GET /favicon.ico - Status: 404 - Duration: 0.0029s - [node_server.py:129]
2025-04-29 04:42:05,443 - node.api - INFO - Request started: GET /health - [node_server.py:122]
2025-04-29 04:42:05,447 - node.api - DEBUG - Health check requested - [node_server.py:143]
2025-04-29 04:42:05,452 - node.api - INFO - Health check response: healthy - [node_server.py:170]
2025-04-29 04:42:05,455 - node.api - INFO - Request completed: GET /health - Status: 200 - Duration: 0.0120s - [node_server.py:129]
2025-04-29 04:42:06,564 - node.api - INFO - Request started: POST /votes - [node_server.py:122]
2025-04-29 04:42:06,570 - node.api - INFO - Received vote from voter voter-7dd994ad-4437-4267-b245-237585c1560e for election election-2025 - [node_server.py:180]
2025-04-29 04:42:06,572 - node.api - INFO - Request completed: POST /votes - Status: 202 - Duration: 0.0079s - [node_server.py:129]
2025-04-29 04:42:06,583 - node.api - INFO - Request started: POST /votes - [node_server.py:122]
2025-04-29 04:42:06,585 - node.api - INFO - Received vote from voter voter-956ea497-b73c-45a0-9f8b-e617f2969c32 for election election-2025 - [node_server.py:180]
2025-04-29 04:42:06,587 - node.api - INFO - Request completed: POST /votes - Status: 202 - Duration: 0.0045s - [node_server.py:129]
2025-04-29 04:42:06,599 - node.api - INFO - Request started: POST /votes - [node_server.py:122]
2025-04-29 04:42:06,602 - node.api - INFO - Received vote from voter voter-343df3b6-c74c-4860-a219-b2311e16e04e for election election-2025 - [node_server.py:180]
2025-04-29 04:42:06,605 - node.api - INFO - Request completed: POST /votes - Status: 202 - Duration: 0.0061s - [node_server.py:129]
2025-04-29 04:42:06,636 - node.api - INFO - Request started: POST /votes - [node_server.py:122]
2025-04-29 04:42:06,642 - node.api - INFO - Received vote from voter voter-9b21b230-fdc1-4c27-84be-5be5543059ff for election election-2025 - [node_server.py:180]
2025-04-29 04:42:06,645 - node.api - INFO - Request completed: POST /votes - Status: 202 - Duration: 0.0095s - [node_server.py:129]
2025-04-29 04:42:13,107 - node.api - INFO - Request started: GET /votes/election-2025:voter-c69b5301-9345-4a1c-a642-9362eefdddf3:efadb0e0-b0ad-4f52-a89a-2a0155e00c85 - [node_server.py:122]
2025-04-29 04:42:13,110 - node.api - INFO - Request completed: GET /votes/election-2025:voter-c69b5301-9345-4a1c-a642-9362eefdddf3:efadb0e0-b0ad-4f52-a89a-2a0155e00c85 - Status: 200 - Duration: 0.0027s - [node_server.py:129]
2025-04-29 04:42:34,040 - node.api - INFO - Request started: GET /elections/election-2025/results - [node_server.py:122]
2025-04-29 04:42:34,043 - node.api - INFO - Request completed: GET /elections/election-2025/results - Status: 200 - Duration: 0.0023s - [node_server.py:129]
2025-04-29 04:52:04,640 - node.api - INFO - Request started: GET /health - [node_server.py:122]
2025-04-29 04:52:04,650 - node.api - DEBUG - Health check requested - [node_server.py:143]
2025-04-29 04:52:04,655 - node.api - INFO - Health check response: healthy - [node_server.py:170]
2025-04-29 04:52:04,659 - node.api - INFO - Request completed: GET /health - Status: 200 - Duration: 0.0192s - [node_server.py:129]
2025-04-29 04:59:40,861 - node.api - INFO - Request started: GET /health - [node_server.py:122]
2025-04-29 04:59:40,864 - node.api - DEBUG - Health check requested - [node_server.py:143]
2025-04-29 04:59:40,869 - node.api - INFO - Health check response: healthy - [node_server.py:170]
2025-04-29 04:59:40,872 - node.api - INFO - Request completed: GET /health - Status: 200 - Duration: 0.0113s - [node_server.py:129]
2025-04-29 04:59:40,888 - node.api - INFO - Request started: POST /votes - [node_server.py:122]
2025-04-29 04:59:40,895 - node.api - INFO - Received vote from voter voter-495387ce-6d95-45c3-a750-0cc496ff28b4 for election election-2025 - [node_server.py:180]
2025-04-29 04:59:40,898 - node.api - INFO - Request completed: POST /votes - Status: 202 - Duration: 0.0104s - [node_server.py:129]
2025-04-29 04:59:40,919 - node.api - INFO - Request started: POST /votes - [node_server.py:122]
2025-04-29 04:59:40,923 - node.api - INFO - Received vote from voter voter-d1462d01-5dda-4e20-86a9-8462d7ae2632 for election election-2025 - [node_server.py:180]
2025-04-29 04:59:40,926 - node.api - INFO - Request completed: POST /votes - Status: 202 - Duration: 0.0072s - [node_server.py:129]
2025-04-29 04:59:46,354 - node.api - INFO - Request started: GET /votes/election-2025:voter-946ad7d3-9587-4be2-99d4-1c0293a27ea9:ac50f0cd-a136-4163-a0f7-71f069525604 - [node_server.py:122]
2025-04-29 04:59:46,358 - node.api - INFO - Request completed: GET /votes/election-2025:voter-946ad7d3-9587-4be2-99d4-1c0293a27ea9:ac50f0cd-a136-4163-a0f7-71f069525604 - Status: 200 - Duration: 0.0043s - [node_server.py:129]
2025-04-29 04:59:46,388 - node.api - INFO - Request started: GET /votes/election-2025:voter-8f072d39-7a5f-4ba2-92d4-9bf6fc5160e6:88291410-6119-469a-a8ff-56029e6825a9 - [node_server.py:122]
2025-04-29 04:59:46,391 - node.api - INFO - Request completed: GET /votes/election-2025:voter-8f072d39-7a5f-4ba2-92d4-9bf6fc5160e6:88291410-6119-469a-a8ff-56029e6825a9 - Status: 200 - Duration: 0.0034s - [node_server.py:129]
2025-04-29 04:59:47,422 - node.api - INFO - Request started: GET /elections/election-2025/results - [node_server.py:122]
2025-04-29 04:59:47,426 - node.api - INFO - Request completed: GET /elections/election-2025/results - Status: 200 - Duration: 0.0035s - [node_server.py:129]
2025-04-29 05:47:16,588 - node.api - INFO - Request started: GET /health - [node_server.py:124]
2025-04-29 05:47:16,596 - node.api - DEBUG - Health check requested - [node_server.py:145]
2025-04-29 05:47:16,600 - node.api - INFO - Health check response: healthy - [node_server.py:173]
2025-04-29 05:47:16,603 - node.api - INFO - Request completed: GET /health - Status: 200 - Duration: 0.0154s - [node_server.py:131]
2025-04-29 05:47:16,637 - node.api - INFO - Request started: GET /health - [node_server.py:124]
2025-04-29 05:47:16,640 - node.api - DEBUG - Health check requested - [node_server.py:145]
2025-04-29 05:47:16,644 - node.api - INFO - Health check response: healthy - [node_server.py:173]
2025-04-29 05:47:16,647 - node.api - INFO - Request completed: GET /health - Status: 200 - Duration: 0.0105s - [node_server.py:131]
2025-04-29 05:47:17,826 - node.api - INFO - Request started: POST /votes - [node_server.py:124]
2025-04-29 05:47:17,832 - node.api - INFO - Received vote from voter voter-c44b4661-6018-418c-80a5-7a09bd42fd02 for election election-2025 - [node_server.py:183]
2025-04-29 05:47:17,835 - node.api - INFO - Request completed: POST /votes - Status: 202 - Duration: 0.0093s - [node_server.py:131]
2025-04-29 05:47:23,131 - node.api - INFO - Request started: GET /votes/election-2025:voter-665c98a3-cfeb-455c-934d-9251dc4cfc75:99e00862-4a38-48f8-ac8d-0afb3aa913cf - [node_server.py:124]
2025-04-29 05:47:23,133 - node.api - INFO - Request completed: GET /votes/election-2025:voter-665c98a3-cfeb-455c-934d-9251dc4cfc75:99e00862-4a38-48f8-ac8d-0afb3aa913cf - Status: 200 - Duration: 0.0021s - [node_server.py:131]
2025-04-29 05:47:24,238 - node.api - INFO - Request started: GET /votes/election-2025:voter-c44b4661-6018-418c-80a5-7a09bd42fd02:3a81dc3c-22b3-457d-9943-ba486015100e - [node_server.py:124]
2025-04-29 05:47:24,241 - node.api - INFO - Request completed: GET /votes/election-2025:voter-c44b4661-6018-418c-80a5-7a09bd42fd02:3a81dc3c-22b3-457d-9943-ba486015100e - Status: 200 - Duration: 0.0033s - [node_server.py:131]
2025-04-29 05:47:25,344 - node.api - INFO - Request started: GET /elections/election-2025/results - [node_server.py:124]
2025-04-29 05:47:25,347 - node.api - INFO - Request completed: GET /elections/election-2025/results - Status: 200 - Duration: 0.0036s - [node_server.py:131]
2025-04-29 06:16:11,051 - node.api - INFO - Request started: GET /health - [node_server.py:124]
2025-04-29 06:16:11,066 - node.api - DEBUG - Health check requested - [node_server.py:145]
2025-04-29 06:16:11,070 - node.api - INFO - Health check response: healthy - [node_server.py:173]
2025-04-29 06:16:11,073 - node.api - INFO - Request completed: GET /health - Status: 200 - Duration: 0.0220s - [node_server.py:131]
2025-04-29 06:16:11,088 - node.api - INFO - Request started: GET /health - [node_server.py:124]
2025-04-29 06:16:11,091 - node.api - DEBUG - Health check requested - [node_server.py:145]
2025-04-29 06:16:11,096 - node.api - INFO - Health check response: healthy - [node_server.py:173]
2025-04-29 06:16:11,098 - node.api - INFO - Request completed: GET /health - Status: 200 - Duration: 0.0100s - [node_server.py:131]
2025-04-29 06:16:12,262 - node.api - INFO - Request started: POST /votes - [node_server.py:124]
2025-04-29 06:16:12,267 - node.api - INFO - Received vote from voter voter-7e7311ce-838c-43c7-bd8a-2e448eeb5eb3 for election election-2025 - [node_server.py:183]
2025-04-29 06:16:12,270 - node.api - INFO - Request completed: POST /votes - Status: 202 - Duration: 0.0078s - [node_server.py:131]
2025-04-29 06:16:17,636 - node.api - INFO - Request started: GET /votes/election-2025:voter-487837ea-608e-4645-b0ff-0a026de48c63:80f2cc15-f736-4fae-9cea-3a52cdc9edd1 - [node_server.py:124]
2025-04-29 06:16:17,639 - node.api - INFO - Request completed: GET /votes/election-2025:voter-487837ea-608e-4645-b0ff-0a026de48c63:80f2cc15-f736-4fae-9cea-3a52cdc9edd1 - Status: 200 - Duration: 0.0029s - [node_server.py:131]
2025-04-29 06:16:17,647 - node.api - INFO - Request started: GET /votes/election-2025:voter-d8a38704-df52-429a-aa86-e6037f887555:43b2db9e-23e2-4427-b6ca-e7b458707439 - [node_server.py:124]
2025-04-29 06:16:17,650 - node.api - INFO - Request completed: GET /votes/election-2025:voter-d8a38704-df52-429a-aa86-e6037f887555:43b2db9e-23e2-4427-b6ca-e7b458707439 - Status: 200 - Duration: 0.0028s - [node_server.py:131]
2025-04-29 06:16:18,708 - node.api - INFO - Request started: GET /votes/election-2025:voter-822a49c6-a3b0-40ed-a00d-a010d1734fbf:e40f2396-e5b9-41d6-b7bc-b048d5dd5149 - [node_server.py:124]
2025-04-29 06:16:18,716 - node.api - INFO - Request completed: GET /votes/election-2025:voter-822a49c6-a3b0-40ed-a00d-a010d1734fbf:e40f2396-e5b9-41d6-b7bc-b048d5dd5149 - Status: 200 - Duration: 0.0082s - [node_server.py:131]
2025-04-29 06:16:18,743 - node.api - INFO - Request started: GET /elections/election-2025/results - [node_server.py:124]
2025-04-29 06:16:18,747 - node.api - INFO - Request completed: GET /elections/election-2025/results - Status: 200 - Duration: 0.0040s - [node_server.py:131]
2025-04-29 06:17:02,792 - node.api - INFO - Request started: GET /health - [node_server.py:124]
2025-04-29 06:17:02,795 - node.api - DEBUG - Health check requested - [node_server.py:145]
2025-04-29 06:17:02,798 - node.api - INFO - Health check response: healthy - [node_server.py:173]
2025-04-29 06:17:02,801 - node.api - INFO - Request completed: GET /health - Status: 200 - Duration: 0.0093s - [node_server.py:131]
2025-04-29 06:17:02,825 - node.api - INFO - Request started: GET /health - [node_server.py:124]
2025-04-29 06:17:02,827 - node.api - DEBUG - Health check requested - [node_server.py:145]
2025-04-29 06:17:02,829 - node.api - INFO - Health check response: healthy - [node_server.py:173]
2025-04-29 06:17:02,831 - node.api - INFO - Request completed: GET /health - Status: 200 - Duration: 0.0062s - [node_server.py:131]
2025-04-29 06:17:03,890 - node.api - INFO - Request started: POST /votes - [node_server.py:124]
2025-04-29 06:17:03,893 - node.api - INFO - Received vote from voter voter-64755a97-7837-42b1-b6e3-a99ce7746c35 for election election-2025 - [node_server.py:183]
2025-04-29 06:17:03,895 - node.api - INFO - Request completed: POST /votes - Status: 202 - Duration: 0.0054s - [node_server.py:131]
2025-04-29 06:17:03,920 - node.api - INFO - Request started: POST /votes - [node_server.py:124]
2025-04-29 06:17:03,922 - node.api - INFO - Received vote from voter voter-ef0a462f-d4f6-4250-90d9-a9feb021b15e for election election-2025 - [node_server.py:183]
2025-04-29 06:17:03,925 - node.api - INFO - Request completed: POST /votes - Status: 202 - Duration: 0.0054s - [node_server.py:131]
2025-04-29 06:17:03,966 - node.api - INFO - Request started: POST /votes - [node_server.py:124]
2025-04-29 06:17:03,970 - node.api - INFO - Received vote from voter voter-6d5513b9-496b-4729-bbd9-faf977522325 for election election-2025 - [node_server.py:183]
2025-04-29 06:17:03,972 - node.api - INFO - Request completed: POST /votes - Status: 202 - Duration: 0.0060s - [node_server.py:131]
2025-04-29 06:17:10,451 - node.api - INFO - Request started: GET /votes/election-2025:voter-6d5513b9-496b-4729-bbd9-faf977522325:f94141d7-1cd2-48fe-9b29-36a7eb9c53a5 - [node_server.py:124]
2025-04-29 06:17:10,455 - node.api - INFO - Request completed: GET /votes/election-2025:voter-6d5513b9-496b-4729-bbd9-faf977522325:f94141d7-1cd2-48fe-9b29-36a7eb9c53a5 - Status: 200 - Duration: 0.0035s - [node_server.py:131]
2025-04-29 06:17:10,495 - node.api - INFO - Request started: GET /elections/election-2025/results - [node_server.py:124]
2025-04-29 06:17:10,498 - node.api - INFO - Request completed: GET /elections/election-2025/results - Status: 200 - Duration: 0.0032s - [node_server.py:131]
