2025-04-27 18:51:05,893 - node.api - INFO - Request started: GET /health - [node_server.py:100]
2025-04-27 18:51:05,898 - node.api - DEBUG - Health check requested - [node_server.py:121]
2025-04-27 18:51:05,899 - node.api - INFO - Health check response: healthy - [node_server.py:148]
2025-04-27 18:51:05,901 - node.api - INFO - Request completed: GET /health - Status: 200 - Duration: 0.0083s - [node_server.py:107]
2025-04-27 18:51:06,987 - node.api - INFO - Request started: GET /favicon.ico - [node_server.py:100]
2025-04-27 18:51:06,989 - node.api - INFO - Request completed: GET /favicon.ico - Status: 404 - Duration: 0.0020s - [node_server.py:107]
2025-04-28 21:59:37,658 - node.api - INFO - Request started: GET /health - [node_server.py:122]
2025-04-28 21:59:37,672 - node.api - DEBUG - Health check requested - [node_server.py:143]
2025-04-28 21:59:37,676 - node.api - INFO - Health check response: healthy - [node_server.py:170]
2025-04-28 21:59:37,678 - node.api - INFO - Request completed: GET /health - Status: 200 - Duration: 0.0203s - [node_server.py:129]
2025-04-28 22:01:43,324 - node.api - INFO - Request started: GET /health - [node_server.py:122]
2025-04-28 22:01:43,327 - node.api - DEBUG - Health check requested - [node_server.py:143]
2025-04-28 22:01:43,329 - node.api - INFO - Health check response: healthy - [node_server.py:170]
2025-04-28 22:01:43,331 - node.api - INFO - Request completed: GET /health - Status: 200 - Duration: 0.0071s - [node_server.py:129]
2025-04-28 22:01:43,339 - node.api - INFO - Request started: POST /votes - [node_server.py:122]
2025-04-28 22:01:43,346 - node.api - INFO - Received vote from voter voter-2a59b4df-d840-4e97-8ce9-bee9156e78c0 for election election-2025 - [node_server.py:180]
2025-04-28 22:01:43,348 - node.api - INFO - Request completed: POST /votes - Status: 202 - Duration: 0.0084s - [node_server.py:129]
2025-04-28 22:01:43,376 - node.api - INFO - Request started: POST /votes - [node_server.py:122]
2025-04-28 22:01:43,381 - node.api - INFO - Received vote from voter voter-71b58711-f0a8-452a-93a9-b280bf864f75 for election election-2025 - [node_server.py:180]
2025-04-28 22:01:43,384 - node.api - INFO - Request completed: POST /votes - Status: 202 - Duration: 0.0076s - [node_server.py:129]
2025-04-28 22:01:43,393 - node.api - INFO - Request started: POST /votes - [node_server.py:122]
2025-04-28 22:01:43,396 - node.api - INFO - Received vote from voter voter-71f357c5-9094-4cfd-b298-c11b8f4ad07b for election election-2025 - [node_server.py:180]
2025-04-28 22:01:43,399 - node.api - INFO - Request completed: POST /votes - Status: 202 - Duration: 0.0057s - [node_server.py:129]
2025-04-28 22:01:43,435 - node.api - INFO - Request started: POST /votes - [node_server.py:122]
2025-04-28 22:01:43,440 - node.api - INFO - Received vote from voter voter-aaec29b0-0f44-480e-9edc-d08f79ce0228 for election election-2025 - [node_server.py:180]
2025-04-28 22:01:43,442 - node.api - INFO - Request completed: POST /votes - Status: 202 - Duration: 0.0070s - [node_server.py:129]
2025-04-28 22:01:49,498 - node.api - INFO - Request started: GET /votes/election-2025:voter-2a59b4df-d840-4e97-8ce9-bee9156e78c0:4ece349c-b4a0-4919-9a56-8f21210b6dce - [node_server.py:122]
2025-04-28 22:01:49,501 - node.api - INFO - Request completed: GET /votes/election-2025:voter-2a59b4df-d840-4e97-8ce9-bee9156e78c0:4ece349c-b4a0-4919-9a56-8f21210b6dce - Status: 200 - Duration: 0.0030s - [node_server.py:129]
2025-04-28 22:01:52,811 - node.api - INFO - Request started: GET /votes/election-2025:voter-819427a4-d388-4672-be41-447f7f7033a2:2ff060a6-6ef8-473b-b020-655684fa240c - [node_server.py:122]
2025-04-28 22:01:52,813 - node.api - INFO - Request completed: GET /votes/election-2025:voter-819427a4-d388-4672-be41-447f7f7033a2:2ff060a6-6ef8-473b-b020-655684fa240c - Status: 200 - Duration: 0.0029s - [node_server.py:129]
2025-04-28 22:01:53,909 - node.api - INFO - Request started: GET /votes/election-2025:voter-5d2404ff-92d2-4102-8d81-2708f8770f62:93af9644-66d7-4f51-a720-bd701e39682f - [node_server.py:122]
2025-04-28 22:01:53,912 - node.api - INFO - Request completed: GET /votes/election-2025:voter-5d2404ff-92d2-4102-8d81-2708f8770f62:93af9644-66d7-4f51-a720-bd701e39682f - Status: 200 - Duration: 0.0032s - [node_server.py:129]
2025-04-28 22:01:53,922 - node.api - INFO - Request started: GET /elections/election-2025/results - [node_server.py:122]
2025-04-28 22:01:53,924 - node.api - INFO - Request completed: GET /elections/election-2025/results - Status: 200 - Duration: 0.0019s - [node_server.py:129]
2025-04-29 04:42:05,534 - node.api - INFO - Request started: GET /health - [node_server.py:122]
2025-04-29 04:42:05,545 - node.api - DEBUG - Health check requested - [node_server.py:143]
2025-04-29 04:42:05,549 - node.api - INFO - Health check response: healthy - [node_server.py:170]
2025-04-29 04:42:05,553 - node.api - INFO - Request completed: GET /health - Status: 200 - Duration: 0.0182s - [node_server.py:129]
2025-04-29 04:42:12,430 - node.api - INFO - Request started: GET /votes/election-2025:voter-7dd994ad-4437-4267-b245-237585c1560e:a0babcdd-4faa-4cc7-9f2a-834473bbc37e - [node_server.py:122]
2025-04-29 04:42:12,433 - node.api - INFO - Request completed: GET /votes/election-2025:voter-7dd994ad-4437-4267-b245-237585c1560e:a0babcdd-4faa-4cc7-9f2a-834473bbc37e - Status: 200 - Duration: 0.0033s - [node_server.py:129]
2025-04-29 04:52:04,639 - node.api - INFO - Request started: GET /health - [node_server.py:122]
2025-04-29 04:52:04,650 - node.api - DEBUG - Health check requested - [node_server.py:143]
2025-04-29 04:52:04,655 - node.api - INFO - Health check response: healthy - [node_server.py:170]
2025-04-29 04:52:04,659 - node.api - INFO - Request completed: GET /health - Status: 200 - Duration: 0.0193s - [node_server.py:129]
2025-04-29 04:59:40,863 - node.api - INFO - Request started: GET /health - [node_server.py:122]
2025-04-29 04:59:40,866 - node.api - DEBUG - Health check requested - [node_server.py:143]
2025-04-29 04:59:40,872 - node.api - INFO - Health check response: healthy - [node_server.py:170]
2025-04-29 04:59:40,874 - node.api - INFO - Request completed: GET /health - Status: 200 - Duration: 0.0112s - [node_server.py:129]
2025-04-29 04:59:41,012 - node.api - INFO - Request started: POST /votes - [node_server.py:122]
2025-04-29 04:59:41,018 - node.api - INFO - Received vote from voter voter-3b180a04-88f8-47be-ac97-5303eaffcece for election election-2025 - [node_server.py:180]
2025-04-29 04:59:41,021 - node.api - INFO - Request completed: POST /votes - Status: 202 - Duration: 0.0090s - [node_server.py:129]
2025-04-29 04:59:46,313 - node.api - INFO - Request started: GET /votes/election-2025:voter-495387ce-6d95-45c3-a750-0cc496ff28b4:17700e63-9140-4b46-80a5-f213cd491a43 - [node_server.py:122]
2025-04-29 04:59:46,316 - node.api - INFO - Request completed: GET /votes/election-2025:voter-495387ce-6d95-45c3-a750-0cc496ff28b4:17700e63-9140-4b46-80a5-f213cd491a43 - Status: 200 - Duration: 0.0027s - [node_server.py:129]
2025-04-29 04:59:47,408 - node.api - INFO - Request started: GET /votes/election-2025:voter-3b180a04-88f8-47be-ac97-5303eaffcece:6e49f6ec-4fcd-478b-ae25-3c44500fab78 - [node_server.py:122]
2025-04-29 04:59:47,410 - node.api - INFO - Request completed: GET /votes/election-2025:voter-3b180a04-88f8-47be-ac97-5303eaffcece:6e49f6ec-4fcd-478b-ae25-3c44500fab78 - Status: 200 - Duration: 0.0030s - [node_server.py:129]
2025-04-29 05:47:16,588 - node.api - INFO - Request started: GET /health - [node_server.py:124]
2025-04-29 05:47:16,596 - node.api - DEBUG - Health check requested - [node_server.py:145]
2025-04-29 05:47:16,599 - node.api - INFO - Health check response: healthy - [node_server.py:173]
2025-04-29 05:47:16,602 - node.api - INFO - Request completed: GET /health - Status: 200 - Duration: 0.0142s - [node_server.py:131]
2025-04-29 05:47:17,688 - node.api - INFO - Request started: GET /health - [node_server.py:124]
2025-04-29 05:47:17,690 - node.api - DEBUG - Health check requested - [node_server.py:145]
2025-04-29 05:47:17,694 - node.api - INFO - Health check response: healthy - [node_server.py:173]
2025-04-29 05:47:17,698 - node.api - INFO - Request completed: GET /health - Status: 200 - Duration: 0.0101s - [node_server.py:131]
2025-04-29 05:47:17,733 - node.api - INFO - Request started: POST /votes - [node_server.py:124]
2025-04-29 05:47:17,739 - node.api - INFO - Received vote from voter voter-665c98a3-cfeb-455c-934d-9251dc4cfc75 for election election-2025 - [node_server.py:183]
2025-04-29 05:47:17,743 - node.api - INFO - Request completed: POST /votes - Status: 202 - Duration: 0.0096s - [node_server.py:131]
2025-04-29 05:47:17,764 - node.api - INFO - Request started: POST /votes - [node_server.py:124]
2025-04-29 05:47:17,768 - node.api - INFO - Received vote from voter voter-924c2253-28ca-45bb-a3a1-3b24f83e2c73 for election election-2025 - [node_server.py:183]
2025-04-29 05:47:17,772 - node.api - INFO - Request completed: POST /votes - Status: 202 - Duration: 0.0078s - [node_server.py:131]
2025-04-29 05:47:17,795 - node.api - INFO - Request started: POST /votes - [node_server.py:124]
2025-04-29 05:47:17,800 - node.api - INFO - Received vote from voter voter-bbaba04f-d548-429c-abe2-4572e54bc6a7 for election election-2025 - [node_server.py:183]
2025-04-29 05:47:17,802 - node.api - INFO - Request completed: POST /votes - Status: 202 - Duration: 0.0072s - [node_server.py:131]
2025-04-29 05:47:24,350 - node.api - INFO - Request started: GET /votes/election-2025:voter-1e079e19-deab-4997-a16d-8867d96ca1d2:49ffe48b-4d78-4046-98d8-ae5c44162319 - [node_server.py:124]
2025-04-29 05:47:24,353 - node.api - INFO - Request completed: GET /votes/election-2025:voter-1e079e19-deab-4997-a16d-8867d96ca1d2:49ffe48b-4d78-4046-98d8-ae5c44162319 - Status: 200 - Duration: 0.0036s - [node_server.py:131]
2025-04-29 06:16:11,057 - node.api - INFO - Request started: GET /health - [node_server.py:124]
2025-04-29 06:16:11,066 - node.api - DEBUG - Health check requested - [node_server.py:145]
2025-04-29 06:16:11,069 - node.api - INFO - Health check response: healthy - [node_server.py:173]
2025-04-29 06:16:11,072 - node.api - INFO - Request completed: GET /health - Status: 200 - Duration: 0.0152s - [node_server.py:131]
2025-04-29 06:16:11,132 - node.api - INFO - Request started: GET /health - [node_server.py:124]
2025-04-29 06:16:11,135 - node.api - DEBUG - Health check requested - [node_server.py:145]
2025-04-29 06:16:11,138 - node.api - INFO - Health check response: healthy - [node_server.py:173]
2025-04-29 06:16:11,142 - node.api - INFO - Request completed: GET /health - Status: 200 - Duration: 0.0098s - [node_server.py:131]
2025-04-29 06:16:12,158 - node.api - INFO - Request started: POST /votes - [node_server.py:124]
2025-04-29 06:16:12,164 - node.api - INFO - Received vote from voter voter-f208a96f-1b5b-4c53-b746-0c4f16d95425 for election election-2025 - [node_server.py:183]
2025-04-29 06:16:12,166 - node.api - INFO - Request completed: POST /votes - Status: 202 - Duration: 0.0083s - [node_server.py:131]
2025-04-29 06:16:12,293 - node.api - INFO - Request started: POST /votes - [node_server.py:124]
2025-04-29 06:16:12,297 - node.api - INFO - Received vote from voter voter-822a49c6-a3b0-40ed-a00d-a010d1734fbf for election election-2025 - [node_server.py:183]
2025-04-29 06:16:12,301 - node.api - INFO - Request completed: POST /votes - Status: 202 - Duration: 0.0074s - [node_server.py:131]
2025-04-29 06:16:17,609 - node.api - INFO - Request started: GET /votes/election-2025:voter-f208a96f-1b5b-4c53-b746-0c4f16d95425:c8638481-cfc8-45fb-b3ba-8362eda63a87 - [node_server.py:124]
2025-04-29 06:16:17,611 - node.api - INFO - Request completed: GET /votes/election-2025:voter-f208a96f-1b5b-4c53-b746-0c4f16d95425:c8638481-cfc8-45fb-b3ba-8362eda63a87 - Status: 200 - Duration: 0.0021s - [node_server.py:131]
2025-04-29 06:16:17,682 - node.api - INFO - Request started: GET /votes/election-2025:voter-7e7311ce-838c-43c7-bd8a-2e448eeb5eb3:722bf86a-1b12-4805-ad8d-36908f4931b6 - [node_server.py:124]
2025-04-29 06:16:17,686 - node.api - INFO - Request completed: GET /votes/election-2025:voter-7e7311ce-838c-43c7-bd8a-2e448eeb5eb3:722bf86a-1b12-4805-ad8d-36908f4931b6 - Status: 200 - Duration: 0.0038s - [node_server.py:131]
2025-04-29 06:17:02,795 - node.api - INFO - Request started: GET /health - [node_server.py:124]
2025-04-29 06:17:02,797 - node.api - DEBUG - Health check requested - [node_server.py:145]
2025-04-29 06:17:02,801 - node.api - INFO - Health check response: healthy - [node_server.py:173]
2025-04-29 06:17:02,804 - node.api - INFO - Request completed: GET /health - Status: 200 - Duration: 0.0092s - [node_server.py:131]
2025-04-29 06:17:02,881 - node.api - INFO - Request started: GET /health - [node_server.py:124]
2025-04-29 06:17:02,884 - node.api - DEBUG - Health check requested - [node_server.py:145]
2025-04-29 06:17:02,887 - node.api - INFO - Health check response: healthy - [node_server.py:173]
2025-04-29 06:17:02,890 - node.api - INFO - Request completed: GET /health - Status: 200 - Duration: 0.0088s - [node_server.py:131]
2025-04-29 06:17:09,772 - node.api - INFO - Request started: GET /votes/election-2025:voter-64755a97-7837-42b1-b6e3-a99ce7746c35:f9c47978-82f0-4f28-95c1-9249f90c51a6 - [node_server.py:124]
2025-04-29 06:17:09,776 - node.api - INFO - Request completed: GET /votes/election-2025:voter-64755a97-7837-42b1-b6e3-a99ce7746c35:f9c47978-82f0-4f28-95c1-9249f90c51a6 - Status: 200 - Duration: 0.0039s - [node_server.py:131]
2025-04-29 06:17:09,785 - node.api - INFO - Request started: GET /votes/election-2025:voter-ef0a462f-d4f6-4250-90d9-a9feb021b15e:f263cebb-43a4-4bbc-856a-60ec35f51737 - [node_server.py:124]
2025-04-29 06:17:09,789 - node.api - INFO - Request completed: GET /votes/election-2025:voter-ef0a462f-d4f6-4250-90d9-a9feb021b15e:f263cebb-43a4-4bbc-856a-60ec35f51737 - Status: 200 - Duration: 0.0037s - [node_server.py:131]
2025-04-29 06:17:10,480 - node.api - INFO - Request started: GET /votes/election-2025:voter-0db08bfb-bae8-4d44-844e-5c78a31225d1:61823e42-05a9-4ecf-acd4-d5e566fb18d9 - [node_server.py:124]
2025-04-29 06:17:10,484 - node.api - INFO - Request completed: GET /votes/election-2025:voter-0db08bfb-bae8-4d44-844e-5c78a31225d1:61823e42-05a9-4ecf-acd4-d5e566fb18d9 - Status: 200 - Duration: 0.0037s - [node_server.py:131]
2025-05-03 18:01:42,254 - node.api - INFO - Request started: GET /health - [node_server.py:262]
2025-05-03 18:01:42,261 - node.api - DEBUG - Health check requested - [node_server.py:283]
2025-05-03 18:01:42,264 - node.api - INFO - Health check response: healthy - [node_server.py:310]
2025-05-03 18:01:42,266 - node.api - INFO - Request completed: GET /health - Status: 200 - Duration: 0.0121s - [node_server.py:269]
2025-05-03 18:01:42,300 - node.api - INFO - Request started: POST /votes - [node_server.py:262]
2025-05-03 18:01:42,305 - node.api - INFO - Received vote from voter voter-90ef51f1-2603-46b8-bd76-d6d6edf09387 for election election-2025 - [node_server.py:320]
2025-05-03 18:01:42,307 - node.api - INFO - Request completed: POST /votes - Status: 202 - Duration: 0.0076s - [node_server.py:269]
2025-05-03 18:01:42,338 - node.api - INFO - Request started: POST /votes - [node_server.py:262]
2025-05-03 18:01:42,341 - node.api - INFO - Received vote from voter voter-92fe4d3e-60f2-46da-bfdb-3d862b5d0265 for election election-2025 - [node_server.py:320]
2025-05-03 18:01:42,343 - node.api - INFO - Request completed: POST /votes - Status: 202 - Duration: 0.0043s - [node_server.py:269]
2025-05-03 18:01:42,385 - node.api - INFO - Request started: POST /votes - [node_server.py:262]
2025-05-03 18:01:42,389 - node.api - INFO - Received vote from voter voter-6945e940-6f84-4f60-a069-d12d7ef3b927 for election election-2025 - [node_server.py:320]
2025-05-03 18:01:42,392 - node.api - INFO - Request completed: POST /votes - Status: 202 - Duration: 0.0071s - [node_server.py:269]
2025-05-03 18:01:47,937 - node.api - INFO - Request started: GET /votes/election-2025:voter-b39e7878-cc33-4880-8dfd-c8dc5a4dcd9f:366c223e-7041-4b6f-9b12-92a916697bd1 - [node_server.py:262]
2025-05-03 18:01:47,940 - node.api - INFO - Request completed: GET /votes/election-2025:voter-b39e7878-cc33-4880-8dfd-c8dc5a4dcd9f:366c223e-7041-4b6f-9b12-92a916697bd1 - Status: 200 - Duration: 0.0029s - [node_server.py:269]
2025-05-03 18:01:47,958 - node.api - INFO - Request started: GET /votes/election-2025:voter-92fe4d3e-60f2-46da-bfdb-3d862b5d0265:01dcbf9d-3869-47c1-9ddc-f33c18597194 - [node_server.py:262]
2025-05-03 18:01:47,962 - node.api - INFO - Request completed: GET /votes/election-2025:voter-92fe4d3e-60f2-46da-bfdb-3d862b5d0265:01dcbf9d-3869-47c1-9ddc-f33c18597194 - Status: 200 - Duration: 0.0036s - [node_server.py:269]
2025-05-03 18:01:47,970 - node.api - INFO - Request started: GET /votes/election-2025:voter-c28c982a-d187-460e-add5-578c38356362:93f30778-7b45-451e-87bc-1edf78e45405 - [node_server.py:262]
2025-05-03 18:01:47,972 - node.api - INFO - Request completed: GET /votes/election-2025:voter-c28c982a-d187-460e-add5-578c38356362:93f30778-7b45-451e-87bc-1edf78e45405 - Status: 200 - Duration: 0.0023s - [node_server.py:269]
